2005.10.23 13:54 B C:\Documents and Settings\All Users\Documents\WEB\nuclear territory news\Nuclear Territory News_files\01658503937800.jpg --> audealism.com /ntnews/Nuclear Territory News_files 01658503937800.jpg
2005.10.23 13:54 B C:\Documents and Settings\All Users\Documents\WEB\nuclear territory news\Nuclear Territory News_files\01658503937900.jpg --> audealism.com /ntnews/Nuclear Territory News_files 01658503937900.jpg
2005.10.23 13:54 B C:\Documents and Settings\All Users\Documents\WEB\nuclear territory news\Nuclear Territory News_files\01658503980200.jpg --> audealism.com /ntnews/Nuclear Territory News_files 01658503980200.jpg
2005.10.23 13:54 B C:\Documents and Settings\All Users\Documents\WEB\nuclear territory news\Nuclear Territory News_files\a1.js --> audealism.com /ntnews/Nuclear Territory News_files a1.js
2005.10.23 13:54 B C:\Documents and Settings\All Users\Documents\WEB\nuclear territory news\Nuclear Territory News_files\arrow.gif --> audealism.com /ntnews/Nuclear Territory News_files arrow.gif
2005.10.23 13:54 B C:\Documents and Settings\All Users\Documents\WEB\nuclear territory news\Nuclear Territory News_files\audio2.gif --> audealism.com /ntnews/Nuclear Territory News_files audio2.gif
2005.10.23 13:54 B C:\Documents and Settings\All Users\Documents\WEB\nuclear territory news\Nuclear Territory News_files\blank.gif --> audealism.com /ntnews/Nuclear Territory News_files blank.gif
2005.10.23 13:54 B C:\Documents and Settings\All Users\Documents\WEB\nuclear territory news\Nuclear Territory News_files\button_go.gif --> audealism.com /ntnews/Nuclear Territory News_files button_go.gif
2005.10.23 13:54 B C:\Documents and Settings\All Users\Documents\WEB\nuclear territory news\Nuclear Territory News_files\c1_powered_by.gif --> audealism.com /ntnews/Nuclear Territory News_files c1_powered_by.gif
2005.10.23 13:54 B C:\Documents and Settings\All Users\Documents\WEB\nuclear territory news\Nuclear Territory News_files\c1_searchBtn.gif --> audealism.com /ntnews/Nuclear Territory News_files c1_searchBtn.gif
2005.10.23 14:04 B C:\Documents and Settings\All Users\Documents\WEB\nuclear territory news\Nuclear Territory News_files\count.gif --> audealism.com /ntnews/Nuclear Territory News_files count.gif
2005.10.23 14:04 B C:\Documents and Settings\All Users\Documents\WEB\nuclear territory news\Nuclear Territory News_files\grey_arrow.gif --> audealism.com /ntnews/Nuclear Territory News_files grey_arrow.gif
2005.10.23 14:04 B C:\Documents and Settings\All Users\Documents\WEB\nuclear territory news\Nuclear Territory News_files\homedelivery130.gif --> audealism.com /ntnews/Nuclear Territory News_files homedelivery130.gif
2005.10.23 14:04 B C:\Documents and Settings\All Users\Documents\WEB\nuclear territory news\Nuclear Territory News_files\horoscopes130.jpg --> audealism.com /ntnews/Nuclear Territory News_files horoscopes130.jpg
2005.10.23 14:05 B C:\Documents and Settings\All Users\Documents\WEB\nuclear territory news\Nuclear Territory News_files\i_related.gif --> audealism.com /ntnews/Nuclear Territory News_files i_related.gif
2005.10.23 14:05 B C:\Documents and Settings\All Users\Documents\WEB\nuclear territory news\Nuclear Territory News_files\letter.gif --> audealism.com /ntnews/Nuclear Territory News_files letter.gif
2005.10.23 14:05 B C:\Documents and Settings\All Users\Documents\WEB\nuclear territory news\Nuclear Territory News_files\masthead.gif --> audealism.com /ntnews/Nuclear Territory News_files masthead.gif
2005.10.23 14:05 B C:\Documents and Settings\All Users\Documents\WEB\nuclear territory news\Nuclear Territory News_files\newscomlogo2.gif --> audealism.com /ntnews/Nuclear Territory News_files newscomlogo2.gif
2005.10.23 14:05 B C:\Documents and Settings\All Users\Documents\WEB\nuclear territory news\Nuclear Territory News_files\ninnbar_ext_760.css --> audealism.com /ntnews/Nuclear Territory News_files ninnbar_ext_760.css
2005.10.23 14:05 B C:\Documents and Settings\All Users\Documents\WEB\nuclear territory news\Nuclear Territory News_files\ninnbarmh.js --> audealism.com /ntnews/Nuclear Territory News_files ninnbarmh.js
2005.10.23 14:05 B C:\Documents and Settings\All Users\Documents\WEB\nuclear territory news\Nuclear Territory News_files\ntnclassmate120.gif --> audealism.com /ntnews/Nuclear Territory News_files ntnclassmate120.gif
2005.10.23 14:05 B C:\Documents and Settings\All Users\Documents\WEB\nuclear territory news\Nuclear Territory News_files\numast.gif --> audealism.com /ntnews/Nuclear Territory News_files numast.gif
2005.10.23 14:05 B C:\Documents and Settings\All Users\Documents\WEB\nuclear territory news\Nuclear Territory News_files\paperstyle.css --> audealism.com /ntnews/Nuclear Territory News_files paperstyle.css
2005.10.23 14:05 B C:\Documents and Settings\All Users\Documents\WEB\nuclear territory news\Nuclear Territory News_files\realestate_com.gif --> audealism.com /ntnews/Nuclear Territory News_files realestate_com.gif
2005.10.23 14:05 B C:\Documents and Settings\All Users\Documents\WEB\nuclear territory news\Nuclear Territory News_files\red_arrow.gif --> audealism.com /ntnews/Nuclear Territory News_files red_arrow.gif
2005.10.23 14:05 B C:\Documents and Settings\All Users\Documents\WEB\nuclear territory news\Nuclear Territory News_files\scrambles.jpg --> audealism.com /ntnews/Nuclear Territory News_files scrambles.jpg
2005.10.23 14:05 B C:\Documents and Settings\All Users\Documents\WEB\nuclear territory news\Nuclear Territory News_files\side.gif --> audealism.com /ntnews/Nuclear Territory News_files side.gif
2005.10.23 14:05 B C:\Documents and Settings\All Users\Documents\WEB\nuclear territory news\Nuclear Territory News_files\sitentnewssectionhomepageadsize468x60pagepos1.js --> audealism.com /ntnews/Nuclear Territory News_files sitentnewssectionhomepageadsize468x60pagepos1.js
2005.10.23 14:05 B C:\Documents and Settings\All Users\Documents\WEB\nuclear territory news\Nuclear Territory News_files\sunny.gif --> audealism.com /ntnews/Nuclear Territory News_files sunny.gif
2005.10.23 14:05 B C:\Documents and Settings\All Users\Documents\WEB\nuclear territory news\Nuclear Territory News_files\trivia2a.jpg --> audealism.com /ntnews/Nuclear Territory News_files trivia2a.jpg
2005.10.23 14:05 B C:\Documents and Settings\All Users\Documents\WEB\nuclear territory news\Nuclear Territory News_files\WS_FTP.LOG --> audealism.com /ntnews/Nuclear Territory News_files WS_FTP.LOG
